=== TinyQubit Statevector Benchmark ===

Baseline loaded: simulator_baseline.json (16 circuits)

Correctness:
  ghz_4                PASS  (hash=a56addf9.. norm=1.0000000000)
  ghz_12               PASS  (hash=22f89030.. norm=1.0000000000)
  ghz_20               PASS  (hash=b59c76de.. norm=1.0000000000)
  ghz_23               PASS  (hash=4c667f22.. norm=1.0000000000)
  qft_4                PASS  (hash=2d695001.. norm=1.0000000000)
  qft_10               PASS  (hash=2025f54d.. norm=1.0000000000)
  qft_16               PASS  (hash=92a58f25.. norm=1.0000000000)
  hea_8                PASS  (hash=fdb593c6.. norm=1.0000000000)
  hea_14               PASS  (hash=4759c9b8.. norm=1.0000000000)
  hea_20               PASS  (hash=1e4f84f4.. norm=1.0000000000)
  clifford_t_10        PASS  (hash=30430129.. norm=1.0000000000)
  clifford_t_16        PASS  (hash=721caacc.. norm=1.0000000000)
  toffoli_6            PASS  (hash=dca70eaf.. norm=1.0000000000)
  toffoli_10           PASS  (hash=2025f54d.. norm=1.0000000000)
  diag_12              PASS  (hash=1b268a5d.. norm=1.0000000000)
  diag_20              PASS  (hash=85862d46.. norm=1.0000000000)

Performance:
  Circuit              Qubits    Ops   Time(ms)   Baseline     Change
  ----------------------------------------------------------------------------
  ghz_4                     4      4      0.035      0.037 -5% FASTER
  ghz_12                   12     12      0.221      0.213        +4%
  ghz_20                   20     20      0.601      0.622        -3%
  ghz_23                   23     23     11.693     11.978        -2%
  qft_4                     4     10      0.102      0.045 +127% REGR!
  qft_10                   10     55      0.620      0.250 +148% REGR!
  qft_16                   16    136     14.883     17.091 -13% FASTER
  hea_8                     8    115      1.398      1.300        +8%
  hea_14                   14    205      5.526      5.546        -0%
  hea_20                   20    295    403.250    386.815        +4%
  clifford_t_10            10    299      2.121      2.458 -14% FASTER
  clifford_t_16            16    480     68.894     69.071        -0%
  toffoli_6                 6     10      0.124      0.124        +0%
  toffoli_10               10     18      0.178      0.178        +0%
  diag_12                  12    362      3.424      3.980 -14% FASTER
  diag_20                  20    610    634.240    635.292        -0%

Summary: 16/16 correctness PASS, 4 faster, 2 regressions
